INGRES TERMINAL MONITOR -- Copyright (c) 2004 Ingres Corporation
E_US0AC1 DROP: 'cpx' does not exist or is not owned by you.
    (Wed Aug 18 13:04:04 1993)

Name:                 cpx
Owner:                ingres
Created:              18-aug-1993 13:04:04     
Type:                 user table
Version:              ING6.0  

Column Information:
                                                                  Key
Column Name                      Type       Length Nulls Defaults Seq
z1                               complex            yes    null       
z2                               complex            yes    null       



(1 row)
(1 row)
(1 row)
(1 row)
(1 row)
(1 row)
(1 row)
(1 row)
(8 rows)

+----------------------------+----------------------------+
|z1                          |z2                          |
+----------------------------+----------------------------+
|      -1.000 +      -1.000i |       5.000 +       2.000i |
|      -0.866 +      -0.500i |      -0.866 +       0.500i |
|       0.000 +       0.000i |       0.000 +      -1.000i |
|       0.707 +       0.707i |       3.000 +       2.000i |
|       1.000 +       0.000i |      -1.000 +       0.000i |
|       2.000 +       2.000i |       2.000 +       2.000i |
|       3.000 +      -2.000i |       3.000 +       2.000i |
|       4.000 +       0.000i |       0.000 +      -4.000i |
+----------------------------+----------------------------+
(8 rows)

+----------------------------+----------------------------+----------------------------+
|z1                          |z2                          |z1_plus_z2                  |
+----------------------------+----------------------------+----------------------------+
|      -1.000 +      -1.000i |       5.000 +       2.000i |       4.000 +       1.000i |
|      -0.866 +      -0.500i |      -0.866 +       0.500i |      -1.732 +       0.000i |
|       0.000 +       0.000i |       0.000 +      -1.000i |       0.000 +      -1.000i |
|       0.707 +       0.707i |       3.000 +       2.000i |       3.707 +       2.707i |
|       1.000 +       0.000i |      -1.000 +       0.000i |       0.000 +       0.000i |
|       2.000 +       2.000i |       2.000 +       2.000i |       4.000 +       4.000i |
|       3.000 +      -2.000i |       3.000 +       2.000i |       6.000 +       0.000i |
|       4.000 +       0.000i |       0.000 +      -4.000i |       4.000 +      -4.000i |
+----------------------------+----------------------------+----------------------------+
(8 rows)

+----------------------------+----------------------------+----------------------------+
|z1                          |z2                          |z1_minus_z2                 |
+----------------------------+----------------------------+----------------------------+
|      -1.000 +      -1.000i |       5.000 +       2.000i |      -6.000 +      -3.000i |
|      -0.866 +      -0.500i |      -0.866 +       0.500i |       0.000 +      -1.000i |
|       0.000 +       0.000i |       0.000 +      -1.000i |       0.000 +       1.000i |
|       0.707 +       0.707i |       3.000 +       2.000i |      -2.293 +      -1.293i |
|       1.000 +       0.000i |      -1.000 +       0.000i |       2.000 +       0.000i |
|       2.000 +       2.000i |       2.000 +       2.000i |       0.000 +       0.000i |
|       3.000 +      -2.000i |       3.000 +       2.000i |       0.000 +      -4.000i |
|       4.000 +       0.000i |       0.000 +      -4.000i |       4.000 +       4.000i |
+----------------------------+----------------------------+----------------------------+
(8 rows)

+----------------------------+----------------------------+----------------------------+
|z1                          |z2                          |z1_times_z2                 |
+----------------------------+----------------------------+----------------------------+
|      -1.000 +      -1.000i |       5.000 +       2.000i |      -3.000 +      -7.000i |
|      -0.866 +      -0.500i |      -0.866 +       0.500i |       1.000 +       0.000i |
|       0.000 +       0.000i |       0.000 +      -1.000i |       0.000 +       0.000i |
|       0.707 +       0.707i |       3.000 +       2.000i |       0.707 +       3.536i |
|       1.000 +       0.000i |      -1.000 +       0.000i |      -1.000 +       0.000i |
|       2.000 +       2.000i |       2.000 +       2.000i |       0.000 +       8.000i |
|       3.000 +      -2.000i |       3.000 +       2.000i |      13.000 +       0.000i |
|       4.000 +       0.000i |       0.000 +      -4.000i |       0.000 +     -16.000i |
+----------------------------+----------------------------+----------------------------+
(8 rows)

+----------------------------+----------------------------+----------------------------+
|z1                          |z2                          |z1_over_z2                  |
+----------------------------+----------------------------+----------------------------+
|      -1.000 +      -1.000i |       5.000 +       2.000i |      -0.241 +      -0.103i |
|      -0.866 +      -0.500i |      -0.866 +       0.500i |       0.500 +       0.866i |
|       0.000 +       0.000i |       0.000 +      -1.000i |       0.000 +       0.000i |
|       0.707 +       0.707i |       3.000 +       2.000i |       0.272 +       0.054i |
|       1.000 +       0.000i |      -1.000 +       0.000i |      -1.000 +       0.000i |
|       2.000 +       2.000i |       2.000 +       2.000i |       1.000 +       0.000i |
|       3.000 +      -2.000i |       3.000 +       2.000i |       0.385 +      -0.923i |
|       4.000 +       0.000i |       0.000 +      -4.000i |       0.000 +       1.000i |
+----------------------------+----------------------------+----------------------------+
(8 rows)

+----------------------------+----------------------------+
|z1                          |negative_z1                 |
+----------------------------+----------------------------+
|      -1.000 +      -1.000i |       1.000 +       1.000i |
|      -0.866 +      -0.500i |       0.866 +       0.500i |
|       0.000 +       0.000i |       0.000 +       0.000i |
|       0.707 +       0.707i |      -0.707 +      -0.707i |
|       1.000 +       0.000i |      -1.000 +       0.000i |
|       2.000 +       2.000i |      -2.000 +      -2.000i |
|       3.000 +      -2.000i |      -3.000 +       2.000i |
|       4.000 +       0.000i |      -4.000 +       0.000i |
+----------------------------+----------------------------+
(8 rows)

+----------------------------+-----------+-----------+
|z                           |real       |imaginary  |
+----------------------------+-----------+-----------+
|       5.000 +       2.000i |      5.000|      2.000|
|      -0.866 +       0.500i |     -0.866|      0.500|
|       0.000 +      -1.000i |      0.000|     -1.000|
|       3.000 +       2.000i |      3.000|      2.000|
|      -1.000 +       0.000i |     -1.000|      0.000|
|       2.000 +       2.000i |      2.000|      2.000|
|       3.000 +       2.000i |      3.000|      2.000|
|       0.000 +      -4.000i |      0.000|     -4.000|
+----------------------------+-----------+-----------+
(8 rows)

+----------------------------+-----------+----------------------------+
|z                           |r          |z_bar                       |
+----------------------------+-----------+----------------------------+
|      -1.000 +      -1.000i |      1.414|      -1.000 +       1.000i |
|      -0.866 +      -0.500i |      1.000|      -0.866 +       0.500i |
|       0.000 +       0.000i |      0.000|       0.000 +       0.000i |
|       0.707 +       0.707i |      1.000|       0.707 +      -0.707i |
|       1.000 +       0.000i |      1.000|       1.000 +       0.000i |
|       2.000 +       2.000i |      2.828|       2.000 +      -2.000i |
|       3.000 +      -2.000i |      3.606|       3.000 +       2.000i |
|       4.000 +       0.000i |      4.000|       4.000 +       0.000i |
+----------------------------+-----------+----------------------------+
(8 rows)
select z=z1 from cpx where z1 <= complex(4,5) or z2 >= '[0,4]'
uscpx_bad_op: Bad operator used with complex numbers

select z=z1 from cpx where z1 != complex(3,-2) and z2 = complex(3,2)

+----------------------------+
|z                           |
+----------------------------+
|       0.707 +       0.707i |
+----------------------------+
(1 row)
E_US0AC1 DROP: 'op_z' does not exist or is not owned by you.
    (Wed Aug 18 13:04:14 1993)

create table op_z (name, z) as select name,re_im(point) from op
(7 rows)
(7 rows)

+----------+----------------------------+
|name      |z                           |
+----------+----------------------------+
|(-2, 3)   |      -2.000 +       3.000i |
|(-1,-100) |      -1.000 +    -100.000i |
|(-1,-1)   |      -1.000 +      -1.000i |
|(-1, 100) |      -1.000 +     100.000i |
|origin    |       0.000 +       0.000i |
|(1,1)     |       1.000 +       1.000i |
|(2,-3)    |       2.000 +      -3.000i |
+----------+----------------------------+
(7 rows)
select op1.point,op_z.z,polar_coords=polar(op_z.z) from op1,op_z where
  op1.point = xy(op_z.z)

+--------------------------+----------------------------+--------------------------+
|point                     |z                           |polar_coords              |
+--------------------------+----------------------------+--------------------------+
|(     -1.000,     100.000)|      -1.000 +     100.000i |(    100.005,       1.581)|
|(      0.000,       0.000)|       0.000 +       0.000i |(      0.000,       0.000)|
|(      1.000,       1.000)|       1.000 +       1.000i |(      1.414,       0.785)|
|(      2.000,      -3.000)|       2.000 +      -3.000i |(      3.606,      -0.983)|
+--------------------------+----------------------------+--------------------------+
(4 rows)
